This file contains any messages produced by compilers while
running configure, to aid debugging if configure makes a mistake.

It was created by hcell configure 0.5.1, which was
generated by GNU Autoconf 2.68.  Invocation command line was

  $ ./configure 

## --------- ##
## Platform. ##
## --------- ##

hostname = josemi-VirtualBox
uname -m = x86_64
uname -r = 3.5.0-40-generic
uname -s = Linux
uname -v = #62~precise1-Ubuntu SMP Fri Aug 23 17:38:26 UTC 2013

/usr/bin/uname -p = unknown
/bin/uname -X     = unknown

/bin/arch              = unknown
/usr/bin/arch -k       = unknown
/usr/convex/getsysinfo = unknown
/usr/bin/hostinfo      = unknown
/bin/machine           = unknown
/usr/bin/oslevel       = unknown
/bin/universe          = unknown

PATH: /usr/lib/lightdm/lightdm
PATH: /usr/local/sbin
PATH: /usr/local/bin
PATH: /usr/sbin
PATH: /usr/bin
PATH: /sbin
PATH: /bin
PATH: /usr/games


## ----------- ##
## Core tests. ##
## ----------- ##

configure:2243: checking for pkg-config
configure:2261: found /usr/bin/pkg-config
configure:2273: result: /usr/bin/pkg-config
configure:2298: checking pkg-config is at least version 0.9.0
configure:2301: result: yes
configure:2311: checking for OPENCV
configure:2318: $PKG_CONFIG --exists --print-errors "opencv >= 2.3.1"
configure:2321: $? = 0
configure:2335: $PKG_CONFIG --exists --print-errors "opencv >= 2.3.1"
configure:2338: $? = 0
configure:2376: result: yes
configure:2458: checking for g++
configure:2474: found /usr/bin/g++
configure:2485: result: g++
configure:2512: checking for C++ compiler version
configure:2521: g++ --version >&5
g++ (Ubuntu/Linaro 4.6.3-1ubuntu5) 4.6.3
Copyright (C) 2011 Free Software Foundation, Inc.
This is free software; see the source for copying conditions.  There is NO
warranty; not even for MERCHANTABILITY or FITNESS FOR A PARTICULAR PURPOSE.

configure:2532: $? = 0
configure:2521: g++ -v >&5
Using built-in specs.
COLLECT_GCC=g++
COLLECT_LTO_WRAPPER=/usr/lib/gcc/x86_64-linux-gnu/4.6/lto-wrapper
Target: x86_64-linux-gnu
Configured with: ../src/configure -v --with-pkgversion='Ubuntu/Linaro 4.6.3-1ubuntu5' --with-bugurl=file:///usr/share/doc/gcc-4.6/README.Bugs --enable-languages=c,c++,fortran,objc,obj-c++ --prefix=/usr --program-suffix=-4.6 --enable-shared --enable-linker-build-id --with-system-zlib --libexecdir=/usr/lib --without-included-gettext --enable-threads=posix --with-gxx-include-dir=/usr/include/c++/4.6 --libdir=/usr/lib --enable-nls --with-sysroot=/ --enable-clocale=gnu --enable-libstdcxx-debug --enable-libstdcxx-time=yes --enable-gnu-unique-object --enable-plugin --enable-objc-gc --disable-werror --with-arch-32=i686 --with-tune=generic --enable-checking=release --build=x86_64-linux-gnu --host=x86_64-linux-gnu --target=x86_64-linux-gnu
Thread model: posix
gcc version 4.6.3 (Ubuntu/Linaro 4.6.3-1ubuntu5) 
configure:2532: $? = 0
configure:2521: g++ -V >&5
g++: error: unrecognized option '-V'
g++: fatal error: no input files
compilation terminated.
configure:2532: $? = 4
configure:2521: g++ -qversion >&5
g++: error: unrecognized option '-qversion'
g++: fatal error: no input files
compilation terminated.
configure:2532: $? = 4
configure:2552: checking whether the C++ compiler works
configure:2574: g++    conftest.cpp  >&5
configure:2578: $? = 0
configure:2626: result: yes
configure:2629: checking for C++ compiler default output file name
configure:2631: result: a.out
configure:2637: checking for suffix of executables
configure:2644: g++ -o conftest    conftest.cpp  >&5
configure:2648: $? = 0
configure:2670: result: 
configure:2692: checking whether we are cross compiling
configure:2700: g++ -o conftest    conftest.cpp  >&5
configure:2704: $? = 0
configure:2711: ./conftest
configure:2715: $? = 0
configure:2730: result: no
configure:2735: checking for suffix of object files
configure:2757: g++ -c   conftest.cpp >&5
configure:2761: $? = 0
configure:2782: result: o
configure:2786: checking whether we are using the GNU C++ compiler
configure:2805: g++ -c   conftest.cpp >&5
configure:2805: $? = 0
configure:2814: result: yes
configure:2823: checking whether g++ accepts -g
configure:2843: g++ -c -g  conftest.cpp >&5
configure:2843: $? = 0
configure:2884: result: yes
configure:2912: checking how to run the C++ preprocessor
configure:2939: g++ -E  conftest.cpp
configure:2939: $? = 0
configure:2953: g++ -E  conftest.cpp
conftest.cpp:9:28: fatal error: ac_nonexistent.h: No such file or directory
compilation terminated.
configure:2953: $? = 1
configure: failed program was:
| /* confdefs.h */
| #define PACKAGE_NAME "hcell"
| #define PACKAGE_TARNAME "hcell"
| #define PACKAGE_VERSION "0.5.1"
| #define PACKAGE_STRING "hcell 0.5.1"
| #define PACKAGE_BUGREPORT "serrajosemi@gmail.com"
| #define PACKAGE_URL "http:://hcellapp.blogspot.com/"
| /* end confdefs.h.  */
| #include <ac_nonexistent.h>
configure:2978: result: g++ -E
configure:2998: g++ -E  conftest.cpp
configure:2998: $? = 0
configure:3012: g++ -E  conftest.cpp
conftest.cpp:9:28: fatal error: ac_nonexistent.h: No such file or directory
compilation terminated.
configure:3012: $? = 1
configure: failed program was:
| /* confdefs.h */
| #define PACKAGE_NAME "hcell"
| #define PACKAGE_TARNAME "hcell"
| #define PACKAGE_VERSION "0.5.1"
| #define PACKAGE_STRING "hcell 0.5.1"
| #define PACKAGE_BUGREPORT "serrajosemi@gmail.com"
| #define PACKAGE_URL "http:://hcellapp.blogspot.com/"
| /* end confdefs.h.  */
| #include <ac_nonexistent.h>
configure:3152: checking for C++ compiler version
configure:3161: g++ --version >&5
g++ (Ubuntu/Linaro 4.6.3-1ubuntu5) 4.6.3
Copyright (C) 2011 Free Software Foundation, Inc.
This is free software; see the source for copying conditions.  There is NO
warranty; not even for MERCHANTABILITY or FITNESS FOR A PARTICULAR PURPOSE.

configure:3172: $? = 0
configure:3161: g++ -v >&5
Using built-in specs.
COLLECT_GCC=g++
COLLECT_LTO_WRAPPER=/usr/lib/gcc/x86_64-linux-gnu/4.6/lto-wrapper
Target: x86_64-linux-gnu
Configured with: ../src/configure -v --with-pkgversion='Ubuntu/Linaro 4.6.3-1ubuntu5' --with-bugurl=file:///usr/share/doc/gcc-4.6/README.Bugs --enable-languages=c,c++,fortran,objc,obj-c++ --prefix=/usr --program-suffix=-4.6 --enable-shared --enable-linker-build-id --with-system-zlib --libexecdir=/usr/lib --without-included-gettext --enable-threads=posix --with-gxx-include-dir=/usr/include/c++/4.6 --libdir=/usr/lib --enable-nls --with-sysroot=/ --enable-clocale=gnu --enable-libstdcxx-debug --enable-libstdcxx-time=yes --enable-gnu-unique-object --enable-plugin --enable-objc-gc --disable-werror --with-arch-32=i686 --with-tune=generic --enable-checking=release --build=x86_64-linux-gnu --host=x86_64-linux-gnu --target=x86_64-linux-gnu
Thread model: posix
gcc version 4.6.3 (Ubuntu/Linaro 4.6.3-1ubuntu5) 
configure:3172: $? = 0
configure:3161: g++ -V >&5
g++: error: unrecognized option '-V'
g++: fatal error: no input files
compilation terminated.
configure:3172: $? = 4
configure:3161: g++ -qversion >&5
g++: error: unrecognized option '-qversion'
g++: fatal error: no input files
compilation terminated.
configure:3172: $? = 4
configure:3176: checking whether we are using the GNU C++ compiler
configure:3204: result: yes
configure:3213: checking whether g++ accepts -g
configure:3274: result: yes
configure:3353: checking for gcc
configure:3369: found /usr/bin/gcc
configure:3380: result: gcc
configure:3609: checking for C compiler version
configure:3618: gcc --version >&5
gcc (Ubuntu/Linaro 4.6.3-1ubuntu5) 4.6.3
Copyright (C) 2011 Free Software Foundation, Inc.
This is free software; see the source for copying conditions.  There is NO
warranty; not even for MERCHANTABILITY or FITNESS FOR A PARTICULAR PURPOSE.

configure:3629: $? = 0
configure:3618: gcc -v >&5
Using built-in specs.
COLLECT_GCC=gcc
COLLECT_LTO_WRAPPER=/usr/lib/gcc/x86_64-linux-gnu/4.6/lto-wrapper
Target: x86_64-linux-gnu
Configured with: ../src/configure -v --with-pkgversion='Ubuntu/Linaro 4.6.3-1ubuntu5' --with-bugurl=file:///usr/share/doc/gcc-4.6/README.Bugs --enable-languages=c,c++,fortran,objc,obj-c++ --prefix=/usr --program-suffix=-4.6 --enable-shared --enable-linker-build-id --with-system-zlib --libexecdir=/usr/lib --without-included-gettext --enable-threads=posix --with-gxx-include-dir=/usr/include/c++/4.6 --libdir=/usr/lib --enable-nls --with-sysroot=/ --enable-clocale=gnu --enable-libstdcxx-debug --enable-libstdcxx-time=yes --enable-gnu-unique-object --enable-plugin --enable-objc-gc --disable-werror --with-arch-32=i686 --with-tune=generic --enable-checking=release --build=x86_64-linux-gnu --host=x86_64-linux-gnu --target=x86_64-linux-gnu
Thread model: posix
gcc version 4.6.3 (Ubuntu/Linaro 4.6.3-1ubuntu5) 
configure:3629: $? = 0
configure:3618: gcc -V >&5
gcc: error: unrecognized option '-V'
gcc: fatal error: no input files
compilation terminated.
configure:3629: $? = 4
configure:3618: gcc -qversion >&5
gcc: error: unrecognized option '-qversion'
gcc: fatal error: no input files
compilation terminated.
configure:3629: $? = 4
configure:3633: checking whether we are using the GNU C compiler
configure:3652: gcc -c   conftest.c >&5
configure:3652: $? = 0
configure:3661: result: yes
configure:3670: checking whether gcc accepts -g
configure:3690: gcc -c -g  conftest.c >&5
configure:3690: $? = 0
configure:3731: result: yes
configure:3748: checking for gcc option to accept ISO C89
configure:3812: gcc  -c -g -O2  conftest.c >&5
configure:3812: $? = 0
configure:3825: result: none needed
configure:3846: checking whether gcc and cc understand -c and -o together
configure:3877: gcc -c conftest.cpp -o conftest2.o >&5
configure:3881: $? = 0
configure:3887: gcc -c conftest.cpp -o conftest2.o >&5
configure:3891: $? = 0
configure:3902: cc -c conftest.cpp >&5
configure:3906: $? = 0
configure:3914: cc -c conftest.cpp -o conftest2.o >&5
configure:3918: $? = 0
configure:3924: cc -c conftest.cpp -o conftest2.o >&5
configure:3928: $? = 0
configure:3946: result: yes
configure:3980: checking for grep that handles long lines and -e
configure:4038: result: /bin/grep
configure:4043: checking for egrep
configure:4105: result: /bin/grep -E
configure:4110: checking for ANSI C header files
configure:4130: g++ -c -g -O2  conftest.cpp >&5
configure:4130: $? = 0
configure:4203: g++ -o conftest -g -O2   conftest.cpp  >&5
configure:4203: $? = 0
configure:4203: ./conftest
configure:4203: $? = 0
configure:4214: result: yes
configure:4227: checking for sys/types.h
configure:4227: g++ -c -g -O2  conftest.cpp >&5
configure:4227: $? = 0
configure:4227: result: yes
configure:4227: checking for sys/stat.h
configure:4227: g++ -c -g -O2  conftest.cpp >&5
configure:4227: $? = 0
configure:4227: result: yes
configure:4227: checking for stdlib.h
configure:4227: g++ -c -g -O2  conftest.cpp >&5
configure:4227: $? = 0
configure:4227: result: yes
configure:4227: checking for string.h
configure:4227: g++ -c -g -O2  conftest.cpp >&5
configure:4227: $? = 0
configure:4227: result: yes
configure:4227: checking for memory.h
configure:4227: g++ -c -g -O2  conftest.cpp >&5
configure:4227: $? = 0
configure:4227: result: yes
configure:4227: checking for strings.h
configure:4227: g++ -c -g -O2  conftest.cpp >&5
configure:4227: $? = 0
configure:4227: result: yes
configure:4227: checking for inttypes.h
configure:4227: g++ -c -g -O2  conftest.cpp >&5
configure:4227: $? = 0
configure:4227: result: yes
configure:4227: checking for stdint.h
configure:4227: g++ -c -g -O2  conftest.cpp >&5
configure:4227: $? = 0
configure:4227: result: yes
configure:4227: checking for unistd.h
configure:4227: g++ -c -g -O2  conftest.cpp >&5
configure:4227: $? = 0
configure:4227: result: yes
configure:4241: checking string usability
configure:4241: g++ -c -g -O2  conftest.cpp >&5
configure:4241: $? = 0
configure:4241: result: yes
configure:4241: checking string presence
configure:4241: g++ -E  conftest.cpp
configure:4241: $? = 0
configure:4241: result: yes
configure:4241: checking for string
configure:4241: result: yes
configure:4253: checking iostream usability
configure:4253: g++ -c -g -O2  conftest.cpp >&5
configure:4253: $? = 0
configure:4253: result: yes
configure:4253: checking iostream presence
configure:4253: g++ -E  conftest.cpp
configure:4253: $? = 0
configure:4253: result: yes
configure:4253: checking for iostream
configure:4253: result: yes
configure:4265: checking sys/time.h usability
configure:4265: g++ -c -g -O2  conftest.cpp >&5
configure:4265: $? = 0
configure:4265: result: yes
configure:4265: checking sys/time.h presence
configure:4265: g++ -E  conftest.cpp
configure:4265: $? = 0
configure:4265: result: yes
configure:4265: checking for sys/time.h
configure:4265: result: yes
configure:4277: checking for memory.h
configure:4277: result: yes
configure:4294: checking opencv2/opencv.hpp usability
configure:4294: g++ -c -g -O2  conftest.cpp >&5
configure:4294: $? = 0
configure:4294: result: yes
configure:4294: checking opencv2/opencv.hpp presence
configure:4294: g++ -E  conftest.cpp
configure:4294: $? = 0
configure:4294: result: yes
configure:4294: checking for opencv2/opencv.hpp
configure:4294: result: yes
configure:4337: checking for size_t
configure:4337: g++ -c -g -O2  conftest.cpp >&5
configure:4337: $? = 0
configure:4337: g++ -c -g -O2  conftest.cpp >&5
conftest.cpp: In function 'int main()':
conftest.cpp:60:20: error: expected primary-expression before ')' token
configure:4337: $? = 1
configure: failed program was:
| /* confdefs.h */
| #define PACKAGE_NAME "hcell"
| #define PACKAGE_TARNAME "hcell"
| #define PACKAGE_VERSION "0.5.1"
| #define PACKAGE_STRING "hcell 0.5.1"
| #define PACKAGE_BUGREPORT "serrajosemi@gmail.com"
| #define PACKAGE_URL "http:://hcellapp.blogspot.com/"
| #define STDC_HEADERS 1
| #define HAVE_SYS_TYPES_H 1
| #define HAVE_SYS_STAT_H 1
| #define HAVE_STDLIB_H 1
| #define HAVE_STRING_H 1
| #define HAVE_MEMORY_H 1
| #define HAVE_STRINGS_H 1
| #define HAVE_INTTYPES_H 1
| #define HAVE_STDINT_H 1
| #define HAVE_UNISTD_H 1
| #define HAVE_STRING 1
| #define HAVE_IOSTREAM 1
| #define HAVE_SYS_TIME_H 1
| #define HAVE_MEMORY_H 1
| #define HAVE_OPENCV2_OPENCV_HPP 1
| /* end confdefs.h.  */
| #include <stdio.h>
| #ifdef HAVE_SYS_TYPES_H
| # include <sys/types.h>
| #endif
| #ifdef HAVE_SYS_STAT_H
| # include <sys/stat.h>
| #endif
| #ifdef STDC_HEADERS
| # include <stdlib.h>
| # include <stddef.h>
| #else
| # ifdef HAVE_STDLIB_H
| #  include <stdlib.h>
| # endif
| #endif
| #ifdef HAVE_STRING_H
| # if !defined STDC_HEADERS && defined HAVE_MEMORY_H
| #  include <memory.h>
| # endif
| # include <string.h>
| #endif
| #ifdef HAVE_STRINGS_H
| # include <strings.h>
| #endif
| #ifdef HAVE_INTTYPES_H
| # include <inttypes.h>
| #endif
| #ifdef HAVE_STDINT_H
| # include <stdint.h>
| #endif
| #ifdef HAVE_UNISTD_H
| # include <unistd.h>
| #endif
| int
| main ()
| {
| if (sizeof ((size_t)))
| 	    return 0;
|   ;
|   return 0;
| }
configure:4337: result: yes
configure:4353: checking for png_sig_cmp in -lpng
configure:4378: g++ -o conftest -g -O2   conftest.cpp -lpng   >&5
configure:4378: $? = 0
configure:4387: result: yes
configure:4403: checking png.h usability
configure:4403: g++ -c -g -O2  conftest.cpp >&5
configure:4403: $? = 0
configure:4403: result: yes
configure:4403: checking png.h presence
configure:4403: g++ -E  conftest.cpp
configure:4403: $? = 0
configure:4403: result: yes
configure:4403: checking for png.h
configure:4403: result: yes
configure:4419: checking for jpeg_start_decompress in -ljpeg
configure:4444: g++ -o conftest -g -O2   conftest.cpp -ljpeg  -lpng  >&5
configure:4444: $? = 0
configure:4453: result: yes
configure:4468: checking jpeglib.h usability
configure:4468: g++ -c -g -O2  conftest.cpp >&5
configure:4468: $? = 0
configure:4468: result: yes
configure:4468: checking jpeglib.h presence
configure:4468: g++ -E  conftest.cpp
configure:4468: $? = 0
configure:4468: result: yes
configure:4468: checking for jpeglib.h
configure:4468: result: yes
configure:4484: checking for pnm_init in -lnetpbm
configure:4509: g++ -o conftest -g -O2   conftest.cpp -lnetpbm  -ljpeg -lpng  >&5
/usr/bin/ld: cannot find -lnetpbm
collect2: ld returned 1 exit status
configure:4509: $? = 1
configure: failed program was:
| /* confdefs.h */
| #define PACKAGE_NAME "hcell"
| #define PACKAGE_TARNAME "hcell"
| #define PACKAGE_VERSION "0.5.1"
| #define PACKAGE_STRING "hcell 0.5.1"
| #define PACKAGE_BUGREPORT "serrajosemi@gmail.com"
| #define PACKAGE_URL "http:://hcellapp.blogspot.com/"
| #define STDC_HEADERS 1
| #define HAVE_SYS_TYPES_H 1
| #define HAVE_SYS_STAT_H 1
| #define HAVE_STDLIB_H 1
| #define HAVE_STRING_H 1
| #define HAVE_MEMORY_H 1
| #define HAVE_STRINGS_H 1
| #define HAVE_INTTYPES_H 1
| #define HAVE_STDINT_H 1
| #define HAVE_UNISTD_H 1
| #define HAVE_STRING 1
| #define HAVE_IOSTREAM 1
| #define HAVE_SYS_TIME_H 1
| #define HAVE_MEMORY_H 1
| #define HAVE_OPENCV2_OPENCV_HPP 1
| #define HAVE_LIBPNG 1
| #define HAVE_PNG_H 1
| #define HAVE_LIBJPEG 1
| #define HAVE_JPEGLIB_H 1
| /* end confdefs.h.  */
| 
| /* Override any GCC internal prototype to avoid an error.
|    Use char because int might match the return type of a GCC
|    builtin and then its argument prototype would still apply.  */
| #ifdef __cplusplus
| extern "C"
| #endif
| char pnm_init ();
| int
| main ()
| {
| return pnm_init ();
|   ;
|   return 0;
| }
configure:4518: result: no
configure:4533: checking pam.h usability
configure:4533: g++ -c -g -O2  conftest.cpp >&5
conftest.cpp:61:17: fatal error: pam.h: No such file or directory
compilation terminated.
configure:4533: $? = 1
configure: failed program was:
| /* confdefs.h */
| #define PACKAGE_NAME "hcell"
| #define PACKAGE_TARNAME "hcell"
| #define PACKAGE_VERSION "0.5.1"
| #define PACKAGE_STRING "hcell 0.5.1"
| #define PACKAGE_BUGREPORT "serrajosemi@gmail.com"
| #define PACKAGE_URL "http:://hcellapp.blogspot.com/"
| #define STDC_HEADERS 1
| #define HAVE_SYS_TYPES_H 1
| #define HAVE_SYS_STAT_H 1
| #define HAVE_STDLIB_H 1
| #define HAVE_STRING_H 1
| #define HAVE_MEMORY_H 1
| #define HAVE_STRINGS_H 1
| #define HAVE_INTTYPES_H 1
| #define HAVE_STDINT_H 1
| #define HAVE_UNISTD_H 1
| #define HAVE_STRING 1
| #define HAVE_IOSTREAM 1
| #define HAVE_SYS_TIME_H 1
| #define HAVE_MEMORY_H 1
| #define HAVE_OPENCV2_OPENCV_HPP 1
| #define HAVE_LIBPNG 1
| #define HAVE_PNG_H 1
| #define HAVE_LIBJPEG 1
| #define HAVE_JPEGLIB_H 1
| /* end confdefs.h.  */
| #include <stdio.h>
| #ifdef HAVE_SYS_TYPES_H
| # include <sys/types.h>
| #endif
| #ifdef HAVE_SYS_STAT_H
| # include <sys/stat.h>
| #endif
| #ifdef STDC_HEADERS
| # include <stdlib.h>
| # include <stddef.h>
| #else
| # ifdef HAVE_STDLIB_H
| #  include <stdlib.h>
| # endif
| #endif
| #ifdef HAVE_STRING_H
| # if !defined STDC_HEADERS && defined HAVE_MEMORY_H
| #  include <memory.h>
| # endif
| # include <string.h>
| #endif
| #ifdef HAVE_STRINGS_H
| # include <strings.h>
| #endif
| #ifdef HAVE_INTTYPES_H
| # include <inttypes.h>
| #endif
| #ifdef HAVE_STDINT_H
| # include <stdint.h>
| #endif
| #ifdef HAVE_UNISTD_H
| # include <unistd.h>
| #endif
| #include <pam.h>
configure:4533: result: no
configure:4533: checking pam.h presence
configure:4533: g++ -E  conftest.cpp
conftest.cpp:28:17: fatal error: pam.h: No such file or directory
compilation terminated.
configure:4533: $? = 1
configure: failed program was:
| /* confdefs.h */
| #define PACKAGE_NAME "hcell"
| #define PACKAGE_TARNAME "hcell"
| #define PACKAGE_VERSION "0.5.1"
| #define PACKAGE_STRING "hcell 0.5.1"
| #define PACKAGE_BUGREPORT "serrajosemi@gmail.com"
| #define PACKAGE_URL "http:://hcellapp.blogspot.com/"
| #define STDC_HEADERS 1
| #define HAVE_SYS_TYPES_H 1
| #define HAVE_SYS_STAT_H 1
| #define HAVE_STDLIB_H 1
| #define HAVE_STRING_H 1
| #define HAVE_MEMORY_H 1
| #define HAVE_STRINGS_H 1
| #define HAVE_INTTYPES_H 1
| #define HAVE_STDINT_H 1
| #define HAVE_UNISTD_H 1
| #define HAVE_STRING 1
| #define HAVE_IOSTREAM 1
| #define HAVE_SYS_TIME_H 1
| #define HAVE_MEMORY_H 1
| #define HAVE_OPENCV2_OPENCV_HPP 1
| #define HAVE_LIBPNG 1
| #define HAVE_PNG_H 1
| #define HAVE_LIBJPEG 1
| #define HAVE_JPEGLIB_H 1
| /* end confdefs.h.  */
| #include <pam.h>
configure:4533: result: no
configure:4533: checking for pam.h
configure:4533: result: no
configure:4550: checking for TIFFOpen in -ltiff
configure:4575: g++ -o conftest -g -O2   conftest.cpp -ltiff -lm -ljpeg -lpng  >&5
configure:4575: $? = 0
configure:4584: result: yes
configure:4656: checking for a BSD-compatible install
configure:4724: result: /usr/bin/install -c
configure:4735: checking whether build environment is sane
configure:4785: result: yes
configure:4810: WARNING: `missing' script is too old or missing
configure:4923: checking for a thread-safe mkdir -p
configure:4962: result: /bin/mkdir -p
configure:4975: checking for gawk
configure:5005: result: no
configure:4975: checking for mawk
configure:4991: found /usr/bin/mawk
configure:5002: result: mawk
configure:5013: checking whether make sets $(MAKE)
configure:5035: result: yes
configure:5065: checking for style of include used by make
configure:5093: result: GNU
configure:5179: checking dependency style of gcc
configure:5290: result: gcc3
configure:5307: checking dependency style of g++
configure:5418: result: gcc3
configure:5572: creating ./config.status

## ---------------------- ##
## Running config.status. ##
## ---------------------- ##

This file was extended by hcell config.status 0.5.1, which was
generated by GNU Autoconf 2.68.  Invocation command line was

  CONFIG_FILES    = 
  CONFIG_HEADERS  = 
  CONFIG_LINKS    = 
  CONFIG_COMMANDS = 
  $ ./config.status 

on josemi-VirtualBox

config.status:886: creating Makefile
config.status:886: creating src/Makefile
config.status:886: creating config.h
config.status:1067: config.h is unchanged
config.status:1115: executing depfiles commands

## ---------------- ##
## Cache variables. ##
## ---------------- ##

ac_cv_c_compiler_gnu=yes
ac_cv_cxx_compiler_gnu=yes
ac_cv_env_CCC_set=
ac_cv_env_CCC_value=
ac_cv_env_CC_set=
ac_cv_env_CC_value=
ac_cv_env_CFLAGS_set=
ac_cv_env_CFLAGS_value=
ac_cv_env_CPPFLAGS_set=
ac_cv_env_CPPFLAGS_value=
ac_cv_env_CXXCPP_set=
ac_cv_env_CXXCPP_value=
ac_cv_env_CXXFLAGS_set=
ac_cv_env_CXXFLAGS_value=
ac_cv_env_CXX_set=
ac_cv_env_CXX_value=
ac_cv_env_LDFLAGS_set=
ac_cv_env_LDFLAGS_value=
ac_cv_env_LIBS_set=
ac_cv_env_LIBS_value=
ac_cv_env_OPENCV_CFLAGS_set=
ac_cv_env_OPENCV_CFLAGS_value=
ac_cv_env_OPENCV_LIBS_set=
ac_cv_env_OPENCV_LIBS_value=
ac_cv_env_PKG_CONFIG_LIBDIR_set=
ac_cv_env_PKG_CONFIG_LIBDIR_value=
ac_cv_env_PKG_CONFIG_PATH_set=
ac_cv_env_PKG_CONFIG_PATH_value=
ac_cv_env_PKG_CONFIG_set=
ac_cv_env_PKG_CONFIG_value=
ac_cv_env_build_alias_set=
ac_cv_env_build_alias_value=
ac_cv_env_host_alias_set=
ac_cv_env_host_alias_value=
ac_cv_env_target_alias_set=
ac_cv_env_target_alias_value=
ac_cv_header_inttypes_h=yes
ac_cv_header_iostream=yes
ac_cv_header_jpeglib_h=yes
ac_cv_header_memory_h=yes
ac_cv_header_opencv2_opencv_hpp=yes
ac_cv_header_pam_h=no
ac_cv_header_png_h=yes
ac_cv_header_stdc=yes
ac_cv_header_stdint_h=yes
ac_cv_header_stdlib_h=yes
ac_cv_header_string=yes
ac_cv_header_string_h=yes
ac_cv_header_strings_h=yes
ac_cv_header_sys_stat_h=yes
ac_cv_header_sys_time_h=yes
ac_cv_header_sys_types_h=yes
ac_cv_header_unistd_h=yes
ac_cv_lib_jpeg_jpeg_start_decompress=yes
ac_cv_lib_netpbm_pnm_init=no
ac_cv_lib_png_png_sig_cmp=yes
ac_cv_lib_tiff_TIFFOpen=yes
ac_cv_objext=o
ac_cv_path_EGREP='/bin/grep -E'
ac_cv_path_GREP=/bin/grep
ac_cv_path_ac_pt_PKG_CONFIG=/usr/bin/pkg-config
ac_cv_path_install='/usr/bin/install -c'
ac_cv_path_mkdir=/bin/mkdir
ac_cv_prog_AWK=mawk
ac_cv_prog_CXXCPP='g++ -E'
ac_cv_prog_ac_ct_CC=gcc
ac_cv_prog_ac_ct_CXX=g++
ac_cv_prog_cc_c89=
ac_cv_prog_cc_g=yes
ac_cv_prog_cc_gcc_c_o=yes
ac_cv_prog_cxx_g=yes
ac_cv_prog_make_make_set=yes
ac_cv_type_size_t=yes
am_cv_CC_dependencies_compiler_type=gcc3
am_cv_CXX_dependencies_compiler_type=gcc3
pkg_cv_OPENCV_CFLAGS='-I/usr/include/opencv  '
pkg_cv_OPENCV_LIBS='-lopencv_core -lopencv_imgproc -lopencv_highgui -lopencv_ml -lopencv_video -lopencv_features2d -lopencv_calib3d -lopencv_objdetect -lopencv_contrib -lopencv_legacy -lopencv_flann  '

## ----------------- ##
## Output variables. ##
## ----------------- ##

ACLOCAL='aclocal-1.11'
AMDEPBACKSLASH='\'
AMDEP_FALSE='#'
AMDEP_TRUE=''
AMTAR='$${TAR-tar}'
AM_CXXFLAGS=''
AM_LDFLAGS=''
AUTOCONF='autoconf'
AUTOHEADER='autoheader'
AUTOMAKE='automake-1.11'
AWK='mawk'
CC='gcc'
CCDEPMODE='depmode=gcc3'
CFLAGS='-g -O2'
CPPFLAGS=''
CXX='g++'
CXXCPP='g++ -E'
CXXDEPMODE='depmode=gcc3'
CXXFLAGS='-g -O2'
CYGPATH_W='echo'
DEFS='-DHAVE_CONFIG_H'
DEPDIR='.deps'
ECHO_C=''
ECHO_N='-n'
ECHO_T=''
EGREP='/bin/grep -E'
EXEEXT=''
GREP='/bin/grep'
INSTALL_DATA='${INSTALL} -m 644'
INSTALL_PROGRAM='${INSTALL}'
INSTALL_SCRIPT='${INSTALL}'
INSTALL_STRIP_PROGRAM='$(install_sh) -c -s'
LDFLAGS=''
LIBOBJS=''
LIBS='-ltiff -ljpeg -lpng '
LTLIBOBJS=''
MAKEINFO='makeinfo'
MKDIR_P='/bin/mkdir -p'
OBJEXT='o'
OPENCV_CFLAGS='-I/usr/include/opencv  '
OPENCV_LIBS='-lopencv_core -lopencv_imgproc -lopencv_highgui -lopencv_ml -lopencv_video -lopencv_features2d -lopencv_calib3d -lopencv_objdetect -lopencv_contrib -lopencv_legacy -lopencv_flann  '
PACKAGE='hcell'
PACKAGE_BUGREPORT='serrajosemi@gmail.com'
PACKAGE_NAME='hcell'
PACKAGE_STRING='hcell 0.5.1'
PACKAGE_TARNAME='hcell'
PACKAGE_URL='http:://hcellapp.blogspot.com/'
PACKAGE_VERSION='0.5.1'
PATH_SEPARATOR=':'
PKG_CONFIG='/usr/bin/pkg-config'
PKG_CONFIG_LIBDIR=''
PKG_CONFIG_PATH=''
SET_MAKE=''
SHELL='/bin/bash'
STRIP=''
VERSION='0.5.1'
ac_ct_CC='gcc'
ac_ct_CXX='g++'
am__EXEEXT_FALSE=''
am__EXEEXT_TRUE='#'
am__fastdepCC_FALSE='#'
am__fastdepCC_TRUE=''
am__fastdepCXX_FALSE='#'
am__fastdepCXX_TRUE=''
am__include='include'
am__isrc=''
am__leading_dot='.'
am__nodep='_no'
am__quote=''
am__tar='$${TAR-tar} chof - "$$tardir"'
am__untar='$${TAR-tar} xf -'
bindir='${exec_prefix}/bin'
build_alias=''
datadir='${datarootdir}'
datarootdir='${prefix}/share'
docdir='${datarootdir}/doc/${PACKAGE_TARNAME}'
dvidir='${docdir}'
exec_prefix='${prefix}'
host_alias=''
htmldir='${docdir}'
includedir='${prefix}/include'
infodir='${datarootdir}/info'
install_sh='${SHELL} /home/josemi/install-sh'
libdir='${exec_prefix}/lib'
libexecdir='${exec_prefix}/libexec'
localedir='${datarootdir}/locale'
localstatedir='${prefix}/var'
mandir='${datarootdir}/man'
mkdir_p='/bin/mkdir -p'
oldincludedir='/usr/include'
pdfdir='${docdir}'
prefix='/usr/local'
program_transform_name='s,x,x,'
psdir='${docdir}'
sbindir='${exec_prefix}/sbin'
sharedstatedir='${prefix}/com'
sysconfdir='${prefix}/etc'
target_alias=''

## ----------- ##
## confdefs.h. ##
## ----------- ##

/* confdefs.h */
#define PACKAGE_NAME "hcell"
#define PACKAGE_TARNAME "hcell"
#define PACKAGE_VERSION "0.5.1"
#define PACKAGE_STRING "hcell 0.5.1"
#define PACKAGE_BUGREPORT "serrajosemi@gmail.com"
#define PACKAGE_URL "http:://hcellapp.blogspot.com/"
#define STDC_HEADERS 1
#define HAVE_SYS_TYPES_H 1
#define HAVE_SYS_STAT_H 1
#define HAVE_STDLIB_H 1
#define HAVE_STRING_H 1
#define HAVE_MEMORY_H 1
#define HAVE_STRINGS_H 1
#define HAVE_INTTYPES_H 1
#define HAVE_STDINT_H 1
#define HAVE_UNISTD_H 1
#define HAVE_STRING 1
#define HAVE_IOSTREAM 1
#define HAVE_SYS_TIME_H 1
#define HAVE_MEMORY_H 1
#define HAVE_OPENCV2_OPENCV_HPP 1
#define HAVE_LIBPNG 1
#define HAVE_PNG_H 1
#define HAVE_LIBJPEG 1
#define HAVE_JPEGLIB_H 1
#define HAVE_LIBTIFF 1
#define PACKAGE "hcell"
#define VERSION "0.5.1"

configure: exit 0
